This file contains any messages produced by compilers while
running configure, to aid debugging if configure makes a mistake.

It was created by Mike Human configure dev-7.0, which was
generated by GNU Autoconf 2.69.  Invocation command line was

  $ ./configure 

## --------- ##
## Platform. ##
## --------- ##

hostname = ubuntu
uname -m = x86_64
uname -r = 3.8.0-27-generic
uname -s = Linux
uname -v = #40-Ubuntu SMP Tue Jul 9 00:17:05 UTC 2013

/usr/bin/uname -p = unknown
/bin/uname -X     = unknown

/bin/arch              = unknown
/usr/bin/arch -k       = unknown
/usr/convex/getsysinfo = unknown
/usr/bin/hostinfo      = unknown
/bin/machine           = unknown
/usr/bin/oslevel       = unknown
/bin/universe          = unknown

PATH: /tools/bin
PATH: /bin
PATH: /usr/bin
PATH: /usr/local/bin


## ----------- ##
## Core tests. ##
## ----------- ##

configure:1871: checking for gcc
configure:1887: found /usr/bin/gcc
configure:1898: result: gcc
configure:2127: checking for C compiler version
configure:2136: gcc --version >&5
gcc (Ubuntu/Linaro 4.7.3-1ubuntu1) 4.7.3
Copyright (C) 2012 Free Software Foundation, Inc.
This is free software; see the source for copying conditions.  There is NO
warranty; not even for MERCHANTABILITY or FITNESS FOR A PARTICULAR PURPOSE.

configure:2147: $? = 0
configure:2136: gcc -v >&5
Using built-in specs.
COLLECT_GCC=gcc
COLLECT_LTO_WRAPPER=/usr/lib/gcc/x86_64-linux-gnu/4.7/lto-wrapper
Target: x86_64-linux-gnu
Configured with: ../src/configure -v --with-pkgversion='Ubuntu/Linaro 4.7.3-1ubuntu1' --with-bugurl=file:///usr/share/doc/gcc-4.7/README.Bugs --enable-languages=c,c++,go,fortran,objc,obj-c++ --prefix=/usr --program-suffix=-4.7 --enable-shared --enable-linker-build-id --libexecdir=/usr/lib --without-included-gettext --enable-threads=posix --with-gxx-include-dir=/usr/include/c++/4.7 --libdir=/usr/lib --enable-nls --with-sysroot=/ --enable-clocale=gnu --enable-libstdcxx-debug --enable-libstdcxx-time=yes --enable-gnu-unique-object --enable-plugin --with-system-zlib --enable-objc-gc --with-cloog --enable-cloog-backend=ppl --disable-cloog-version-check --disable-ppl-version-check --enable-multiarch --disable-werror --with-arch-32=i686 --with-abi=m64 --with-multilib-list=m32,m64,mx32 --with-tune=generic --enable-checking=release --build=x86_64-linux-gnu --host=x86_64-linux-gnu --target=x86_64-linux-gnu
Thread model: posix
gcc version 4.7.3 (Ubuntu/Linaro 4.7.3-1ubuntu1) 
configure:2147: $? = 0
configure:2136: gcc -V >&5
gcc: error: unrecognized command line option '-V'
gcc: fatal error: no input files
compilation terminated.
configure:2147: $? = 4
configure:2136: gcc -qversion >&5
gcc: error: unrecognized command line option '-qversion'
gcc: fatal error: no input files
compilation terminated.
configure:2147: $? = 4
configure:2167: checking whether the C compiler works
configure:2189: gcc    conftest.c  >&5
configure:2193: $? = 0
configure:2241: result: yes
configure:2244: checking for C compiler default output file name
configure:2246: result: a.out
configure:2252: checking for suffix of executables
configure:2259: gcc -o conftest    conftest.c  >&5
configure:2263: $? = 0
configure:2285: result: 
configure:2307: checking whether we are cross compiling
configure:2315: gcc -o conftest    conftest.c  >&5
configure:2319: $? = 0
configure:2326: ./conftest
configure:2330: $? = 0
configure:2345: result: no
configure:2350: checking for suffix of object files
configure:2372: gcc -c   conftest.c >&5
configure:2376: $? = 0
configure:2397: result: o
configure:2401: checking whether we are using the GNU C compiler
configure:2420: gcc -c   conftest.c >&5
configure:2420: $? = 0
configure:2429: result: yes
configure:2438: checking whether gcc accepts -g
configure:2458: gcc -c -g  conftest.c >&5
configure:2458: $? = 0
configure:2499: result: yes
configure:2516: checking for gcc option to accept ISO C89
configure:2579: gcc  -c -g -O2  conftest.c >&5
configure:2579: $? = 0
configure:2592: result: none needed
configure:2670: checking for g++
configure:2686: found /usr/bin/g++
configure:2697: result: g++
configure:2724: checking for C++ compiler version
configure:2733: g++ --version >&5
g++ (Ubuntu/Linaro 4.7.3-1ubuntu1) 4.7.3
Copyright (C) 2012 Free Software Foundation, Inc.
This is free software; see the source for copying conditions.  There is NO
warranty; not even for MERCHANTABILITY or FITNESS FOR A PARTICULAR PURPOSE.

configure:2744: $? = 0
configure:2733: g++ -v >&5
Using built-in specs.
COLLECT_GCC=g++
COLLECT_LTO_WRAPPER=/usr/lib/gcc/x86_64-linux-gnu/4.7/lto-wrapper
Target: x86_64-linux-gnu
Configured with: ../src/configure -v --with-pkgversion='Ubuntu/Linaro 4.7.3-1ubuntu1' --with-bugurl=file:///usr/share/doc/gcc-4.7/README.Bugs --enable-languages=c,c++,go,fortran,objc,obj-c++ --prefix=/usr --program-suffix=-4.7 --enable-shared --enable-linker-build-id --libexecdir=/usr/lib --without-included-gettext --enable-threads=posix --with-gxx-include-dir=/usr/include/c++/4.7 --libdir=/usr/lib --enable-nls --with-sysroot=/ --enable-clocale=gnu --enable-libstdcxx-debug --enable-libstdcxx-time=yes --enable-gnu-unique-object --enable-plugin --with-system-zlib --enable-objc-gc --with-cloog --enable-cloog-backend=ppl --disable-cloog-version-check --disable-ppl-version-check --enable-multiarch --disable-werror --with-arch-32=i686 --with-abi=m64 --with-multilib-list=m32,m64,mx32 --with-tune=generic --enable-checking=release --build=x86_64-linux-gnu --host=x86_64-linux-gnu --target=x86_64-linux-gnu
Thread model: posix
gcc version 4.7.3 (Ubuntu/Linaro 4.7.3-1ubuntu1) 
configure:2744: $? = 0
configure:2733: g++ -V >&5
g++: error: unrecognized command line option '-V'
g++: fatal error: no input files
compilation terminated.
configure:2744: $? = 4
configure:2733: g++ -qversion >&5
g++: error: unrecognized command line option '-qversion'
g++: fatal error: no input files
compilation terminated.
configure:2744: $? = 4
configure:2748: checking whether we are using the GNU C++ compiler
configure:2767: g++ -c   conftest.cpp >&5
configure:2767: $? = 0
configure:2776: result: yes
configure:2785: checking whether g++ accepts -g
configure:2805: g++ -c -g  conftest.cpp >&5
configure:2805: $? = 0
configure:2846: result: yes
configure:2869: checking for /bin/bash
configure:2882: result: yes
configure:2890: checking for ./virtualhuman
configure:2903: result: yes
configure:2911: checking for ./age
configure:2924: result: yes
configure:2932: checking for ./name
configure:2945: result: yes
configure:2953: checking for ./happ
configure:2966: result: yes
configure:2972: checking for ./init
configure:2985: result: yes
configure:2993: checking for ./afend
configure:3006: result: yes
configure:3014: checking for ./WIP
configure:3027: result: yes
configure:3035: checking for /math
configure:3048: result: yes
configure:3054: checking for /bash-human
configure:3067: result: yes
configure:3073: checking for /usr/local/bin/virtualhuman
configure:3086: result: yes
configure:3092: checking for /usr/local/bin
configure:3105: result: yes
configure:3158: checking for a BSD-compatible install
configure:3226: result: /usr/bin/install -c
configure:3237: checking whether build environment is sane
configure:3287: result: yes
configure:3428: checking for a thread-safe mkdir -p
configure:3467: result: /bin/mkdir -p
configure:3480: checking for gawk
configure:3496: found /usr/bin/gawk
configure:3507: result: gawk
configure:3518: checking whether make sets $(MAKE)
configure:3540: result: yes
configure:3570: checking for style of include used by make
configure:3598: result: GNU
configure:3675: checking dependency style of gcc
configure:3786: result: none
configure:3803: checking dependency style of g++
configure:3914: result: none
configure:4102: creating ./config.status

## ---------------------- ##
## Running config.status. ##
## ---------------------- ##

This file was extended by Mike Human config.status dev-7.0, which was
generated by GNU Autoconf 2.69.  Invocation command line was

  CONFIG_FILES    = 
  CONFIG_HEADERS  = 
  CONFIG_LINKS    = 
  CONFIG_COMMANDS = 
  $ ./config.status 

on ubuntu

config.status:774: creating Makefile
config.status:946: executing depfiles commands

## ---------------- ##
## Cache variables. ##
## ---------------- ##

ac_cv_c_compiler_gnu=yes
ac_cv_cxx_compiler_gnu=yes
ac_cv_env_CCC_set=
ac_cv_env_CCC_value=
ac_cv_env_CC_set=
ac_cv_env_CC_value=
ac_cv_env_CFLAGS_set=
ac_cv_env_CFLAGS_value=
ac_cv_env_CPPFLAGS_set=
ac_cv_env_CPPFLAGS_value=
ac_cv_env_CXXFLAGS_set=
ac_cv_env_CXXFLAGS_value=
ac_cv_env_CXX_set=
ac_cv_env_CXX_value=
ac_cv_env_LDFLAGS_set=
ac_cv_env_LDFLAGS_value=
ac_cv_env_LIBS_set=
ac_cv_env_LIBS_value=
ac_cv_env_build_alias_set=
ac_cv_env_build_alias_value=
ac_cv_env_host_alias_set=
ac_cv_env_host_alias_value=
ac_cv_env_target_alias_set=
ac_cv_env_target_alias_value=
ac_cv_file___WIP=yes
ac_cv_file___afend=yes
ac_cv_file___age=yes
ac_cv_file___happ=yes
ac_cv_file___init=yes
ac_cv_file___name=yes
ac_cv_file___virtualhuman=yes
ac_cv_file__bash_human=yes
ac_cv_file__bin_bash=yes
ac_cv_file__math=yes
ac_cv_file__usr_local_bin=yes
ac_cv_file__usr_local_bin_virtualhuman=yes
ac_cv_objext=o
ac_cv_path_install='/usr/bin/install -c'
ac_cv_path_mkdir=/bin/mkdir
ac_cv_prog_AWK=gawk
ac_cv_prog_ac_ct_CC=gcc
ac_cv_prog_ac_ct_CXX=g++
ac_cv_prog_cc_c89=
ac_cv_prog_cc_g=yes
ac_cv_prog_cxx_g=yes
ac_cv_prog_make_make_set=yes
am_cv_CC_dependencies_compiler_type=none
am_cv_CXX_dependencies_compiler_type=none

## ----------------- ##
## Output variables. ##
## ----------------- ##

ACLOCAL='${SHELL} /home/zach/bash-human-src/missing --run aclocal-1.11'
AMDEPBACKSLASH='\'
AMDEP_FALSE='#'
AMDEP_TRUE=''
AMTAR='$${TAR-tar}'
AUTOCONF='${SHELL} /home/zach/bash-human-src/missing --run autoconf'
AUTOHEADER='${SHELL} /home/zach/bash-human-src/missing --run autoheader'
AUTOMAKE='${SHELL} /home/zach/bash-human-src/missing --run automake-1.11'
AWK='gawk'
CC='gcc'
CCDEPMODE='depmode=none'
CFLAGS='-g -O2'
CPPFLAGS=''
CXX='g++'
CXXDEPMODE='depmode=none'
CXXFLAGS='-g -O2'
CYGPATH_W='echo'
DEFS='-DPACKAGE_NAME=\"Mike\ Human\" -DPACKAGE_TARNAME=\"mike-human\" -DPACKAGE_VERSION=\"dev-7.0\" -DPACKAGE_STRING=\"Mike\ Human\ dev-7.0\" -DPACKAGE_BUGREPORT=\"\" -DPACKAGE_URL=\"\"'
DEPDIR='.deps'
ECHO_C=''
ECHO_N='-n'
ECHO_T=''
EXEEXT=''
INSTALL_DATA='${INSTALL} -m 644'
INSTALL_PROGRAM='${INSTALL}'
INSTALL_SCRIPT='${INSTALL}'
INSTALL_STRIP_PROGRAM='$(install_sh) -c -s'
LDFLAGS=''
LIBOBJS=''
LIBS=''
LTLIBOBJS=''
MAKEINFO='${SHELL} /home/zach/bash-human-src/missing --run makeinfo'
MKDIR_P='/bin/mkdir -p'
OBJEXT='o'
PACKAGE='mike-human'
PACKAGE_BUGREPORT=''
PACKAGE_NAME='Mike Human'
PACKAGE_STRING='Mike Human dev-7.0'
PACKAGE_TARNAME='mike-human'
PACKAGE_URL=''
PACKAGE_VERSION='dev-7.0'
PATH_SEPARATOR=':'
SET_MAKE=''
SHELL='/bin/bash'
STRIP=''
VERSION='dev-7.0'
ac_ct_CC='gcc'
ac_ct_CXX='g++'
am__EXEEXT_FALSE=''
am__EXEEXT_TRUE='#'
am__fastdepCC_FALSE=''
am__fastdepCC_TRUE='#'
am__fastdepCXX_FALSE=''
am__fastdepCXX_TRUE='#'
am__include='include'
am__isrc=''
am__leading_dot='.'
am__nodep='_no'
am__quote=''
am__tar='$${TAR-tar} chof - "$$tardir"'
am__untar='$${TAR-tar} xf -'
bindir='${exec_prefix}/bin'
build_alias=''
datadir='${datarootdir}'
datarootdir='${prefix}/share'
docdir='${datarootdir}/doc/${PACKAGE_TARNAME}'
dvidir='${docdir}'
exec_prefix='${prefix}'
host_alias=''
htmldir='${docdir}'
includedir='${prefix}/include'
infodir='${datarootdir}/info'
install_sh='${SHELL} /home/zach/bash-human-src/install-sh'
libdir='${exec_prefix}/lib'
libexecdir='${exec_prefix}/libexec'
localedir='${datarootdir}/locale'
localstatedir='${prefix}/var'
mandir='${datarootdir}/man'
mkdir_p='/bin/mkdir -p'
oldincludedir='/usr/include'
pdfdir='${docdir}'
prefix='/usr/local'
program_transform_name='s,x,x,'
psdir='${docdir}'
sbindir='${exec_prefix}/sbin'
sharedstatedir='${prefix}/com'
sysconfdir='${prefix}/etc'
target_alias=''

## ----------- ##
## confdefs.h. ##
## ----------- ##

/* confdefs.h */
#define PACKAGE_NAME "Mike Human"
#define PACKAGE_TARNAME "mike-human"
#define PACKAGE_VERSION "dev-7.0"
#define PACKAGE_STRING "Mike Human dev-7.0"
#define PACKAGE_BUGREPORT ""
#define PACKAGE_URL ""

configure: exit 0
